[2020-06-16 08:42:17,509: INFO/MainProcess] Connected to redis://redis:6379/0
[2020-06-16 08:42:17,517: INFO/MainProcess] mingle: searching for neighbors
[2020-06-16 08:42:18,535: INFO/MainProcess] mingle: all alone
[2020-06-16 08:42:18,549: WARNING/MainProcess] /usr/local/lib/python3.8/site-packages/celery/fixups/django.py:205: UserWarning: Using settings.DEBUG leads to a memory
            leak, never use this setting in production environments!
  warnings.warn('''Using settings.DEBUG leads to a memory
[2020-06-16 08:42:18,551: INFO/MainProcess] celery@cf8a6486179e ready.
[2020-06-16 08:43:25,464: INFO/MainProcess] Connected to redis://redis:6379/0
[2020-06-16 08:43:25,471: INFO/MainProcess] mingle: searching for neighbors
[2020-06-16 08:43:26,505: INFO/MainProcess] mingle: all alone
[2020-06-16 08:43:26,518: WARNING/MainProcess] /usr/local/lib/python3.8/site-packages/celery/fixups/django.py:205: UserWarning: Using settings.DEBUG leads to a memory
            leak, never use this setting in production environments!
  warnings.warn('''Using settings.DEBUG leads to a memory
[2020-06-16 08:43:26,520: INFO/MainProcess] celery@cf8a6486179e ready.
[2020-06-16 08:46:55,538: INFO/MainProcess] Connected to redis://redis:6379/0
[2020-06-16 08:46:55,548: INFO/MainProcess] mingle: searching for neighbors
[2020-06-16 08:46:56,569: INFO/MainProcess] mingle: all alone
[2020-06-16 08:46:56,582: WARNING/MainProcess] /usr/local/lib/python3.8/site-packages/celery/fixups/django.py:205: UserWarning: Using settings.DEBUG leads to a memory
            leak, never use this setting in production environments!
  warnings.warn('''Using settings.DEBUG leads to a memory
[2020-06-16 08:46:56,583: INFO/MainProcess] celery@5871222b435c ready.
[2020-06-16 08:47:04,732: INFO/MainProcess] Events of group {task} enabled by remote.
[2020-06-23 16:17:22,720: INFO/MainProcess] Connected to redis://redis:6379/0
[2020-06-23 16:17:22,730: INFO/MainProcess] mingle: searching for neighbors
[2020-06-23 16:17:23,754: INFO/MainProcess] mingle: all alone
[2020-06-23 16:17:23,770: WARNING/MainProcess] /usr/local/lib/python3.8/site-packages/celery/fixups/django.py:205: UserWarning: Using settings.DEBUG leads to a memory
            leak, never use this setting in production environments!
  warnings.warn('''Using settings.DEBUG leads to a memory
[2020-06-23 16:17:23,771: INFO/MainProcess] celery@418a98403cf4 ready.
[2020-06-23 16:17:29,951: INFO/MainProcess] Events of group {task} enabled by remote.
[2020-06-23 16:34:40,651: INFO/MainProcess] Connected to redis://redis:6379/0
[2020-06-23 16:34:40,709: INFO/MainProcess] mingle: searching for neighbors
[2020-06-23 16:34:41,737: INFO/MainProcess] mingle: all alone
[2020-06-23 16:34:41,755: WARNING/MainProcess] /usr/local/lib/python3.8/site-packages/celery/fixups/django.py:205: UserWarning: Using settings.DEBUG leads to a memory
            leak, never use this setting in production environments!
  warnings.warn('''Using settings.DEBUG leads to a memory
[2020-06-23 16:34:41,756: INFO/MainProcess] celery@f75639ff2ab5 ready.
[2020-06-23 16:34:47,429: INFO/MainProcess] Events of group {task} enabled by remote.
[2020-06-25 07:01:21,907: INFO/MainProcess] Connected to redis://redis:6379/0
[2020-06-25 07:01:21,921: INFO/MainProcess] mingle: searching for neighbors
[2020-06-25 07:01:22,945: INFO/MainProcess] mingle: all alone
[2020-06-25 07:01:23,040: WARNING/MainProcess] /usr/local/lib/python3.8/site-packages/celery/fixups/django.py:205: UserWarning: Using settings.DEBUG leads to a memory
            leak, never use this setting in production environments!
  warnings.warn('''Using settings.DEBUG leads to a memory
[2020-06-25 07:01:23,041: INFO/MainProcess] celery@0ed686f67334 ready.
[2020-06-25 07:01:26,250: INFO/MainProcess] Events of group {task} enabled by remote.
[2020-06-25 08:31:18,482: INFO/MainProcess] Connected to redis://redis:6379/0
[2020-06-25 08:31:18,491: INFO/MainProcess] mingle: searching for neighbors
[2020-06-25 08:31:19,508: INFO/MainProcess] mingle: all alone
[2020-06-25 08:31:19,529: WARNING/MainProcess] /usr/local/lib/python3.8/site-packages/celery/fixups/django.py:205: UserWarning: Using settings.DEBUG leads to a memory
            leak, never use this setting in production environments!
  warnings.warn('''Using settings.DEBUG leads to a memory
[2020-06-25 08:31:19,531: INFO/MainProcess] celery@989d6f06bd91 ready.
[2020-06-25 08:31:25,880: INFO/MainProcess] Events of group {task} enabled by remote.
[2020-06-25 08:36:51,681: INFO/MainProcess] Connected to redis://redis:6379/0
[2020-06-25 08:36:51,692: INFO/MainProcess] mingle: searching for neighbors
[2020-06-25 08:36:52,713: INFO/MainProcess] mingle: all alone
[2020-06-25 08:36:52,737: WARNING/MainProcess] /usr/local/lib/python3.8/site-packages/celery/fixups/django.py:205: UserWarning: Using settings.DEBUG leads to a memory
            leak, never use this setting in production environments!
  warnings.warn('''Using settings.DEBUG leads to a memory
[2020-06-25 08:36:52,738: INFO/MainProcess] celery@5f7edddc64e0 ready.
[2020-06-25 08:36:59,967: INFO/MainProcess] Events of group {task} enabled by remote.
[2020-06-25 08:38:54,935: INFO/MainProcess] Connected to redis://redis:6379/0
[2020-06-25 08:38:54,972: INFO/MainProcess] mingle: searching for neighbors
[2020-06-25 08:38:56,000: INFO/MainProcess] mingle: all alone
[2020-06-25 08:38:56,033: WARNING/MainProcess] /usr/local/lib/python3.8/site-packages/celery/fixups/django.py:205: UserWarning: Using settings.DEBUG leads to a memory
            leak, never use this setting in production environments!
  warnings.warn('''Using settings.DEBUG leads to a memory
[2020-06-25 08:38:56,034: INFO/MainProcess] celery@606384c34766 ready.
[2020-06-25 08:39:02,502: INFO/MainProcess] Events of group {task} enabled by remote.
[2020-06-25 08:47:32,619: INFO/MainProcess] Connected to redis://redis:6379/0
[2020-06-25 08:47:32,628: INFO/MainProcess] mingle: searching for neighbors
[2020-06-25 08:47:33,649: INFO/MainProcess] mingle: all alone
[2020-06-25 08:47:33,680: WARNING/MainProcess] /usr/local/lib/python3.8/site-packages/celery/fixups/django.py:205: UserWarning: Using settings.DEBUG leads to a memory
            leak, never use this setting in production environments!
  warnings.warn('''Using settings.DEBUG leads to a memory
[2020-06-25 08:47:33,682: INFO/MainProcess] celery@edb047a42a92 ready.
[2020-06-25 08:47:40,912: INFO/MainProcess] Events of group {task} enabled by remote.
[2020-06-25 13:34:58,188: INFO/MainProcess] Connected to redis://redis:6379/0
[2020-06-25 13:34:58,198: INFO/MainProcess] mingle: searching for neighbors
[2020-06-25 13:34:59,216: INFO/MainProcess] mingle: all alone
[2020-06-25 13:34:59,229: WARNING/MainProcess] /usr/local/lib/python3.8/site-packages/celery/fixups/django.py:205: UserWarning: Using settings.DEBUG leads to a memory
            leak, never use this setting in production environments!
  warnings.warn('''Using settings.DEBUG leads to a memory
[2020-06-25 13:34:59,231: INFO/MainProcess] celery@605132d5d705 ready.
[2020-06-25 13:35:04,965: INFO/MainProcess] Events of group {task} enabled by remote.
[2020-06-26 07:41:39,249: INFO/MainProcess] Connected to redis://redis:6379/0
[2020-06-26 07:41:39,266: INFO/MainProcess] mingle: searching for neighbors
[2020-06-26 07:41:40,290: INFO/MainProcess] mingle: all alone
[2020-06-26 07:41:40,324: WARNING/MainProcess] /usr/local/lib/python3.8/site-packages/celery/fixups/django.py:205: UserWarning: Using settings.DEBUG leads to a memory
            leak, never use this setting in production environments!
  warnings.warn('''Using settings.DEBUG leads to a memory
[2020-06-26 07:41:40,326: INFO/MainProcess] celery@cc8a2502c74f ready.
[2020-06-26 07:41:43,237: INFO/MainProcess] Events of group {task} enabled by remote.
[2020-06-26 14:04:36,565: INFO/MainProcess] Received task: scenario_builder.tasks.run_inventory_algorithm[b11d3255-1b5c-4870-81d5-a762e168b497]  
[2020-06-26 14:30:34,993: INFO/ForkPoolWorker-2] Task scenario_builder.tasks.run_inventory_algorithm[b11d3255-1b5c-4870-81d5-a762e168b497] succeeded in 1558.4183666029967s: True
[2020-06-26 14:30:34,993: INFO/MainProcess] Received task: scenario_builder.tasks.finalize_inventory[0cb8b602-5c8c-42d5-bc81-5d5296f03be0]  
[2020-06-26 14:30:35,112: INFO/ForkPoolWorker-2] Task scenario_builder.tasks.finalize_inventory[0cb8b602-5c8c-42d5-bc81-5d5296f03be0] succeeded in 0.11222460200224305s: None
[2020-06-28 11:42:01,395: INFO/MainProcess] Connected to redis://redis:6379/0
[2020-06-28 11:42:01,405: INFO/MainProcess] mingle: searching for neighbors
[2020-06-28 11:42:02,424: INFO/MainProcess] mingle: all alone
[2020-06-28 11:42:02,435: WARNING/MainProcess] /usr/local/lib/python3.8/site-packages/celery/fixups/django.py:205: UserWarning: Using settings.DEBUG leads to a memory
            leak, never use this setting in production environments!
  warnings.warn('''Using settings.DEBUG leads to a memory
[2020-06-28 11:42:02,437: INFO/MainProcess] celery@2b2781a2f2ab ready.
[2020-06-28 11:42:08,239: INFO/MainProcess] Events of group {task} enabled by remote.
[2020-06-28 18:08:13,389: INFO/MainProcess] Connected to redis://redis:6379/0
[2020-06-28 18:08:13,405: INFO/MainProcess] mingle: searching for neighbors
[2020-06-28 18:08:14,425: INFO/MainProcess] mingle: all alone
[2020-06-28 18:08:14,472: WARNING/MainProcess] /usr/local/lib/python3.8/site-packages/celery/fixups/django.py:205: UserWarning: Using settings.DEBUG leads to a memory
            leak, never use this setting in production environments!
  warnings.warn('''Using settings.DEBUG leads to a memory
[2020-06-28 18:08:14,474: INFO/MainProcess] celery@2ad7d189d010 ready.
[2020-06-28 18:08:17,368: INFO/MainProcess] Events of group {task} enabled by remote.
[2020-06-29 11:02:48,591: INFO/MainProcess] Connected to redis://redis:6379/0
[2020-06-29 11:02:48,631: INFO/MainProcess] mingle: searching for neighbors
[2020-06-29 11:02:49,654: INFO/MainProcess] mingle: all alone
[2020-06-29 11:02:49,679: WARNING/MainProcess] /usr/local/lib/python3.8/site-packages/celery/fixups/django.py:205: UserWarning: Using settings.DEBUG leads to a memory
            leak, never use this setting in production environments!
  warnings.warn('''Using settings.DEBUG leads to a memory
[2020-06-29 11:02:49,681: INFO/MainProcess] celery@9ab438d48568 ready.
[2020-06-29 11:02:55,793: INFO/MainProcess] Events of group {task} enabled by remote.
[2020-06-29 15:00:27,238: INFO/MainProcess] Connected to redis://redis:6379/0
[2020-06-29 15:00:27,247: INFO/MainProcess] mingle: searching for neighbors
[2020-06-29 15:00:28,274: INFO/MainProcess] mingle: all alone
[2020-06-29 15:00:28,292: WARNING/MainProcess] /usr/local/lib/python3.8/site-packages/celery/fixups/django.py:205: UserWarning: Using settings.DEBUG leads to a memory
            leak, never use this setting in production environments!
  warnings.warn('''Using settings.DEBUG leads to a memory
[2020-06-29 15:00:28,294: INFO/MainProcess] celery@ed02913e6ac7 ready.
[2020-06-29 15:00:30,839: INFO/MainProcess] Events of group {task} enabled by remote.
